<?xml version="1.0" encoding="UTF-8"?>
<!-- Generated by org.testng.reporters.JUnitXMLReporter -->
<testsuite hostname="DESKTOP-48CJMGQ" ignored="0" name="Test" tests="3" failures="0"
           timestamp="25 Oct 2019 22:01:38 GMT" time="0.06" errors="0">
    <testcase name="@BeforeMethod setUp" time="0.0" classname="com.qa.mytests.BaseTest">
        <failure type="org.testng.TestNGException" message="
Parameter &amp;apos;{browser}&amp;apos; is required by BeforeMethod on method setUp but has not been marked @Optional or defined
in C:\Automation\POMFramework_Generic_10232019\testng.xml">
            <![CDATA[org.testng.TestNGException:
Parameter '{browser}' is required by BeforeMethod on method setUp but has not been marked @Optional or defined
in C:\Automation\POMFramework_Generic_10232019\testng.xml
at java.util.concurrent.ThreadPoolExecutor.runWorker(Unknown Source)
at java.util.concurrent.ThreadPoolExecutor$Worker.run(Unknown Source)
at java.lang.Thread.run(Unknown Source)
... Removed 10 stack frames]]>
        </failure>
    </testcase> <!-- @BeforeMethod setUp -->
    <testcase name="@AfterMethod tearDown" time="0.0" classname="com.qa.mytests.BaseTest">
        <skipped/>
    </testcase> <!-- @AfterMethod tearDown -->
    <testcase name="@BeforeMethod setUp" time="0.0" classname="com.qa.mytests.BaseTest">
        <skipped/>
    </testcase> <!-- @BeforeMethod setUp -->
    <testcase name="@AfterMethod tearDown" time="0.0" classname="com.qa.mytests.BaseTest">
        <skipped/>
    </testcase> <!-- @AfterMethod tearDown -->
    <testcase name="@BeforeMethod setUp" time="0.0" classname="com.qa.mytests.BaseTest">
        <skipped/>
    </testcase> <!-- @BeforeMethod setUp -->
    <testcase name="@AfterMethod tearDown" time="0.0" classname="com.qa.mytests.BaseTest">
        <skipped/>
    </testcase> <!-- @AfterMethod tearDown -->
    <testcase name="verifyLoginPageTitle" time="0.0" classname="com.qa.mytests.LoginTest">
        <skipped/>
    </testcase> <!-- verifyLoginPageTitle -->
    <testcase name="verifyLoginPageHeader" time="0.0" classname="com.qa.mytests.LoginTest">
        <skipped/>
    </testcase> <!-- verifyLoginPageHeader -->
    <testcase name="verifyLogin" time="0.0" classname="com.qa.mytests.LoginTest">
        <skipped/>
    </testcase> <!-- verifyLogin -->
</testsuite> <!-- Test -->
